2021-03-28 12:51:35,826 [BombeRLeWorld] INFO: Initializing game world
2021-03-28 12:51:36,786 [BombeRLeWorld] INFO: STARTING ROUND #1
2021-03-28 12:51:36,891 [BombeRLeWorld] INFO: STARTING STEP 1
2021-03-28 12:51:36,902 [BombeRLeWorld] INFO: Agent <nlb_agent> chose action RIGHT in 0.00s.
2021-03-28 12:51:36,909 [BombeRLeWorld] INFO: Agent <nlb_agent> stayed within acceptable think time.
2021-03-28 12:51:36,997 [BombeRLeWorld] INFO: STARTING STEP 2
2021-03-28 12:51:37,000 [BombeRLeWorld] INFO: Agent <nlb_agent> chose action RIGHT in 0.00s.
2021-03-28 12:51:37,001 [BombeRLeWorld] INFO: Agent <nlb_agent> stayed within acceptable think time.
2021-03-28 12:51:37,098 [BombeRLeWorld] INFO: STARTING STEP 3
2021-03-28 12:51:37,102 [BombeRLeWorld] INFO: Agent <nlb_agent> chose action DOWN in 0.00s.
2021-03-28 12:51:37,102 [BombeRLeWorld] INFO: Agent <nlb_agent> stayed within acceptable think time.
2021-03-28 12:51:37,103 [BombeRLeWorld] INFO: Agent <nlb_agent> picked up coin at (3, 2) and receives 1 point
2021-03-28 12:51:37,200 [BombeRLeWorld] INFO: STARTING STEP 4
2021-03-28 12:51:37,204 [BombeRLeWorld] INFO: Agent <nlb_agent> chose action DOWN in 0.00s.
2021-03-28 12:51:37,204 [BombeRLeWorld] INFO: Agent <nlb_agent> stayed within acceptable think time.
2021-03-28 12:51:37,301 [BombeRLeWorld] INFO: STARTING STEP 5
2021-03-28 12:51:37,317 [BombeRLeWorld] INFO: Agent <nlb_agent> chose action RIGHT in 0.00s.
2021-03-28 12:51:37,320 [BombeRLeWorld] INFO: Agent <nlb_agent> stayed within acceptable think time.
2021-03-28 12:51:37,403 [BombeRLeWorld] INFO: STARTING STEP 6
2021-03-28 12:51:37,406 [BombeRLeWorld] INFO: Agent <nlb_agent> chose action RIGHT in 0.00s.
2021-03-28 12:51:37,406 [BombeRLeWorld] INFO: Agent <nlb_agent> stayed within acceptable think time.
2021-03-28 12:51:37,504 [BombeRLeWorld] INFO: STARTING STEP 7
2021-03-28 12:51:37,508 [BombeRLeWorld] INFO: Agent <nlb_agent> chose action RIGHT in 0.00s.
2021-03-28 12:51:37,508 [BombeRLeWorld] INFO: Agent <nlb_agent> stayed within acceptable think time.
2021-03-28 12:51:37,606 [BombeRLeWorld] INFO: STARTING STEP 8
2021-03-28 12:51:37,610 [BombeRLeWorld] INFO: Agent <nlb_agent> chose action RIGHT in 0.00s.
2021-03-28 12:51:37,610 [BombeRLeWorld] INFO: Agent <nlb_agent> stayed within acceptable think time.
2021-03-28 12:51:37,707 [BombeRLeWorld] INFO: STARTING STEP 9
2021-03-28 12:51:37,718 [BombeRLeWorld] INFO: Agent <nlb_agent> chose action RIGHT in 0.00s.
2021-03-28 12:51:37,718 [BombeRLeWorld] INFO: Agent <nlb_agent> stayed within acceptable think time.
2021-03-28 12:51:37,809 [BombeRLeWorld] INFO: STARTING STEP 10
2021-03-28 12:51:37,812 [BombeRLeWorld] INFO: Agent <nlb_agent> chose action RIGHT in 0.00s.
2021-03-28 12:51:37,812 [BombeRLeWorld] INFO: Agent <nlb_agent> stayed within acceptable think time.
2021-03-28 12:51:37,812 [BombeRLeWorld] INFO: Agent <nlb_agent> picked up coin at (9, 3) and receives 1 point
2021-03-28 12:51:37,909 [BombeRLeWorld] INFO: STARTING STEP 11
2021-03-28 12:51:37,913 [BombeRLeWorld] INFO: Agent <nlb_agent> chose action DOWN in 0.00s.
2021-03-28 12:51:37,913 [BombeRLeWorld] INFO: Agent <nlb_agent> stayed within acceptable think time.
2021-03-28 12:51:38,011 [BombeRLeWorld] INFO: STARTING STEP 12
2021-03-28 12:51:38,015 [BombeRLeWorld] INFO: Agent <nlb_agent> chose action DOWN in 0.00s.
2021-03-28 12:51:38,015 [BombeRLeWorld] INFO: Agent <nlb_agent> stayed within acceptable think time.
2021-03-28 12:51:38,118 [BombeRLeWorld] INFO: STARTING STEP 13
2021-03-28 12:51:38,127 [BombeRLeWorld] INFO: Agent <nlb_agent> chose action RIGHT in 0.00s.
2021-03-28 12:51:38,127 [BombeRLeWorld] INFO: Agent <nlb_agent> stayed within acceptable think time.
2021-03-28 12:51:38,220 [BombeRLeWorld] INFO: STARTING STEP 14
2021-03-28 12:51:38,223 [BombeRLeWorld] INFO: Agent <nlb_agent> chose action RIGHT in 0.00s.
2021-03-28 12:51:38,224 [BombeRLeWorld] INFO: Agent <nlb_agent> stayed within acceptable think time.
2021-03-28 12:51:38,322 [BombeRLeWorld] INFO: STARTING STEP 15
2021-03-28 12:51:38,326 [BombeRLeWorld] INFO: Agent <nlb_agent> chose action RIGHT in 0.00s.
2021-03-28 12:51:38,326 [BombeRLeWorld] INFO: Agent <nlb_agent> stayed within acceptable think time.
2021-03-28 12:51:38,327 [BombeRLeWorld] INFO: Agent <nlb_agent> picked up coin at (12, 5) and receives 1 point
2021-03-28 12:51:38,423 [BombeRLeWorld] INFO: STARTING STEP 16
2021-03-28 12:51:38,426 [BombeRLeWorld] INFO: Agent <nlb_agent> chose action LEFT in 0.00s.
2021-03-28 12:51:38,427 [BombeRLeWorld] INFO: Agent <nlb_agent> stayed within acceptable think time.
2021-03-28 12:51:38,525 [BombeRLeWorld] INFO: STARTING STEP 17
2021-03-28 12:51:38,528 [BombeRLeWorld] INFO: Agent <nlb_agent> chose action DOWN in 0.00s.
2021-03-28 12:51:38,529 [BombeRLeWorld] INFO: Agent <nlb_agent> stayed within acceptable think time.
2021-03-28 12:51:38,628 [BombeRLeWorld] INFO: STARTING STEP 18
2021-03-28 12:51:38,631 [BombeRLeWorld] INFO: Agent <nlb_agent> chose action DOWN in 0.00s.
2021-03-28 12:51:38,632 [BombeRLeWorld] INFO: Agent <nlb_agent> stayed within acceptable think time.
2021-03-28 12:51:38,728 [BombeRLeWorld] INFO: STARTING STEP 19
2021-03-28 12:51:38,735 [BombeRLeWorld] INFO: Agent <nlb_agent> chose action DOWN in 0.00s.
2021-03-28 12:51:38,736 [BombeRLeWorld] INFO: Agent <nlb_agent> stayed within acceptable think time.
2021-03-28 12:51:38,830 [BombeRLeWorld] INFO: STARTING STEP 20
2021-03-28 12:51:38,839 [BombeRLeWorld] INFO: Agent <nlb_agent> chose action DOWN in 0.00s.
2021-03-28 12:51:38,839 [BombeRLeWorld] INFO: Agent <nlb_agent> stayed within acceptable think time.
2021-03-28 12:51:38,931 [BombeRLeWorld] INFO: STARTING STEP 21
2021-03-28 12:51:38,935 [BombeRLeWorld] INFO: Agent <nlb_agent> chose action RIGHT in 0.00s.
2021-03-28 12:51:38,935 [BombeRLeWorld] INFO: Agent <nlb_agent> stayed within acceptable think time.
2021-03-28 12:51:39,033 [BombeRLeWorld] INFO: STARTING STEP 22
2021-03-28 12:51:39,037 [BombeRLeWorld] INFO: Agent <nlb_agent> chose action RIGHT in 0.00s.
2021-03-28 12:51:39,037 [BombeRLeWorld] INFO: Agent <nlb_agent> stayed within acceptable think time.
2021-03-28 12:51:39,135 [BombeRLeWorld] INFO: STARTING STEP 23
2021-03-28 12:51:39,138 [BombeRLeWorld] INFO: Agent <nlb_agent> chose action DOWN in 0.00s.
2021-03-28 12:51:39,138 [BombeRLeWorld] INFO: Agent <nlb_agent> stayed within acceptable think time.
2021-03-28 12:51:39,138 [BombeRLeWorld] INFO: Agent <nlb_agent> picked up coin at (13, 10) and receives 1 point
2021-03-28 12:51:39,242 [BombeRLeWorld] INFO: STARTING STEP 24
2021-03-28 12:51:39,249 [BombeRLeWorld] INFO: Agent <nlb_agent> chose action UP in 0.00s.
2021-03-28 12:51:39,250 [BombeRLeWorld] INFO: Agent <nlb_agent> stayed within acceptable think time.
2021-03-28 12:51:39,343 [BombeRLeWorld] INFO: STARTING STEP 25
2021-03-28 12:51:39,346 [BombeRLeWorld] INFO: Agent <nlb_agent> chose action LEFT in 0.00s.
2021-03-28 12:51:39,347 [BombeRLeWorld] INFO: Agent <nlb_agent> stayed within acceptable think time.
2021-03-28 12:51:39,445 [BombeRLeWorld] INFO: STARTING STEP 26
2021-03-28 12:51:39,448 [BombeRLeWorld] INFO: Agent <nlb_agent> chose action LEFT in 0.00s.
2021-03-28 12:51:39,448 [BombeRLeWorld] INFO: Agent <nlb_agent> stayed within acceptable think time.
2021-03-28 12:51:39,545 [BombeRLeWorld] INFO: STARTING STEP 27
2021-03-28 12:51:39,548 [BombeRLeWorld] INFO: Agent <nlb_agent> chose action LEFT in 0.00s.
2021-03-28 12:51:39,549 [BombeRLeWorld] INFO: Agent <nlb_agent> stayed within acceptable think time.
2021-03-28 12:51:39,648 [BombeRLeWorld] INFO: STARTING STEP 28
2021-03-28 12:51:39,651 [BombeRLeWorld] INFO: Agent <nlb_agent> chose action LEFT in 0.00s.
2021-03-28 12:51:39,651 [BombeRLeWorld] INFO: Agent <nlb_agent> stayed within acceptable think time.
2021-03-28 12:51:39,748 [BombeRLeWorld] INFO: STARTING STEP 29
2021-03-28 12:51:39,752 [BombeRLeWorld] INFO: Agent <nlb_agent> chose action LEFT in 0.00s.
2021-03-28 12:51:39,752 [BombeRLeWorld] INFO: Agent <nlb_agent> stayed within acceptable think time.
2021-03-28 12:51:39,851 [BombeRLeWorld] INFO: STARTING STEP 30
2021-03-28 12:51:39,854 [BombeRLeWorld] INFO: Agent <nlb_agent> chose action LEFT in 0.00s.
2021-03-28 12:51:39,854 [BombeRLeWorld] INFO: Agent <nlb_agent> stayed within acceptable think time.
2021-03-28 12:51:39,854 [BombeRLeWorld] INFO: Agent <nlb_agent> picked up coin at (7, 9) and receives 1 point
2021-03-28 12:51:39,952 [BombeRLeWorld] INFO: STARTING STEP 31
2021-03-28 12:51:39,966 [BombeRLeWorld] INFO: Agent <nlb_agent> chose action DOWN in 0.00s.
2021-03-28 12:51:39,966 [BombeRLeWorld] INFO: Agent <nlb_agent> stayed within acceptable think time.
2021-03-28 12:51:40,053 [BombeRLeWorld] INFO: STARTING STEP 32
2021-03-28 12:51:40,056 [BombeRLeWorld] INFO: Agent <nlb_agent> chose action DOWN in 0.00s.
2021-03-28 12:51:40,057 [BombeRLeWorld] INFO: Agent <nlb_agent> stayed within acceptable think time.
2021-03-28 12:51:40,155 [BombeRLeWorld] INFO: STARTING STEP 33
2021-03-28 12:51:40,159 [BombeRLeWorld] INFO: Agent <nlb_agent> chose action RIGHT in 0.00s.
2021-03-28 12:51:40,159 [BombeRLeWorld] INFO: Agent <nlb_agent> stayed within acceptable think time.
2021-03-28 12:51:40,256 [BombeRLeWorld] INFO: STARTING STEP 34
2021-03-28 12:51:40,259 [BombeRLeWorld] INFO: Agent <nlb_agent> chose action RIGHT in 0.00s.
2021-03-28 12:51:40,260 [BombeRLeWorld] INFO: Agent <nlb_agent> stayed within acceptable think time.
2021-03-28 12:51:40,260 [BombeRLeWorld] INFO: Agent <nlb_agent> picked up coin at (9, 11) and receives 1 point
2021-03-28 12:51:40,364 [BombeRLeWorld] INFO: STARTING STEP 35
2021-03-28 12:51:40,369 [BombeRLeWorld] INFO: Agent <nlb_agent> chose action DOWN in 0.00s.
2021-03-28 12:51:40,369 [BombeRLeWorld] INFO: Agent <nlb_agent> stayed within acceptable think time.
2021-03-28 12:51:40,466 [BombeRLeWorld] INFO: STARTING STEP 36
2021-03-28 12:51:40,469 [BombeRLeWorld] INFO: Agent <nlb_agent> chose action DOWN in 0.00s.
2021-03-28 12:51:40,470 [BombeRLeWorld] INFO: Agent <nlb_agent> stayed within acceptable think time.
2021-03-28 12:51:40,568 [BombeRLeWorld] INFO: STARTING STEP 37
2021-03-28 12:51:40,571 [BombeRLeWorld] INFO: Agent <nlb_agent> chose action RIGHT in 0.00s.
2021-03-28 12:51:40,571 [BombeRLeWorld] INFO: Agent <nlb_agent> stayed within acceptable think time.
2021-03-28 12:51:40,669 [BombeRLeWorld] INFO: STARTING STEP 38
2021-03-28 12:51:40,672 [BombeRLeWorld] INFO: Agent <nlb_agent> chose action RIGHT in 0.00s.
2021-03-28 12:51:40,673 [BombeRLeWorld] INFO: Agent <nlb_agent> stayed within acceptable think time.
2021-03-28 12:51:40,673 [BombeRLeWorld] INFO: Agent <nlb_agent> picked up coin at (11, 13) and receives 1 point
2021-03-28 12:51:40,776 [BombeRLeWorld] INFO: STARTING STEP 39
2021-03-28 12:51:40,780 [BombeRLeWorld] INFO: Agent <nlb_agent> chose action LEFT in 0.00s.
2021-03-28 12:51:40,780 [BombeRLeWorld] INFO: Agent <nlb_agent> stayed within acceptable think time.
2021-03-28 12:51:40,879 [BombeRLeWorld] INFO: STARTING STEP 40
2021-03-28 12:51:40,882 [BombeRLeWorld] INFO: Agent <nlb_agent> chose action LEFT in 0.00s.
2021-03-28 12:51:40,882 [BombeRLeWorld] INFO: Agent <nlb_agent> stayed within acceptable think time.
2021-03-28 12:51:40,981 [BombeRLeWorld] INFO: STARTING STEP 41
2021-03-28 12:51:40,982 [BombeRLeWorld] INFO: Agent <nlb_agent> chose action LEFT in 0.00s.
2021-03-28 12:51:40,983 [BombeRLeWorld] INFO: Agent <nlb_agent> stayed within acceptable think time.
2021-03-28 12:51:41,083 [BombeRLeWorld] INFO: STARTING STEP 42
2021-03-28 12:51:41,092 [BombeRLeWorld] INFO: Agent <nlb_agent> chose action LEFT in 0.00s.
2021-03-28 12:51:41,092 [BombeRLeWorld] INFO: Agent <nlb_agent> stayed within acceptable think time.
2021-03-28 12:51:41,183 [BombeRLeWorld] INFO: STARTING STEP 43
2021-03-28 12:51:41,187 [BombeRLeWorld] INFO: Agent <nlb_agent> chose action LEFT in 0.00s.
2021-03-28 12:51:41,187 [BombeRLeWorld] INFO: Agent <nlb_agent> stayed within acceptable think time.
2021-03-28 12:51:41,285 [BombeRLeWorld] INFO: STARTING STEP 44
2021-03-28 12:51:41,288 [BombeRLeWorld] INFO: Agent <nlb_agent> chose action LEFT in 0.00s.
2021-03-28 12:51:41,288 [BombeRLeWorld] INFO: Agent <nlb_agent> stayed within acceptable think time.
2021-03-28 12:51:41,385 [BombeRLeWorld] INFO: STARTING STEP 45
2021-03-28 12:51:41,388 [BombeRLeWorld] INFO: Agent <nlb_agent> chose action LEFT in 0.00s.
2021-03-28 12:51:41,389 [BombeRLeWorld] INFO: Agent <nlb_agent> stayed within acceptable think time.
2021-03-28 12:51:41,488 [BombeRLeWorld] INFO: STARTING STEP 46
2021-03-28 12:51:41,491 [BombeRLeWorld] INFO: Agent <nlb_agent> chose action LEFT in 0.00s.
2021-03-28 12:51:41,491 [BombeRLeWorld] INFO: Agent <nlb_agent> stayed within acceptable think time.
2021-03-28 12:51:41,593 [BombeRLeWorld] INFO: STARTING STEP 47
2021-03-28 12:51:41,596 [BombeRLeWorld] INFO: Agent <nlb_agent> chose action LEFT in 0.00s.
2021-03-28 12:51:41,596 [BombeRLeWorld] INFO: Agent <nlb_agent> stayed within acceptable think time.
2021-03-28 12:51:41,694 [BombeRLeWorld] INFO: STARTING STEP 48
2021-03-28 12:51:41,697 [BombeRLeWorld] INFO: Agent <nlb_agent> chose action LEFT in 0.00s.
2021-03-28 12:51:41,698 [BombeRLeWorld] INFO: Agent <nlb_agent> stayed within acceptable think time.
2021-03-28 12:51:41,796 [BombeRLeWorld] INFO: STARTING STEP 49
2021-03-28 12:51:41,799 [BombeRLeWorld] INFO: Agent <nlb_agent> chose action UP in 0.00s.
2021-03-28 12:51:41,799 [BombeRLeWorld] INFO: Agent <nlb_agent> stayed within acceptable think time.
2021-03-28 12:51:41,800 [BombeRLeWorld] INFO: Agent <nlb_agent> picked up coin at (1, 12) and receives 1 point
2021-03-28 12:51:41,897 [BombeRLeWorld] INFO: STARTING STEP 50
2021-03-28 12:51:41,910 [BombeRLeWorld] INFO: Agent <nlb_agent> chose action UP in 0.00s.
2021-03-28 12:51:41,910 [BombeRLeWorld] INFO: Agent <nlb_agent> stayed within acceptable think time.
2021-03-28 12:51:41,999 [BombeRLeWorld] INFO: STARTING STEP 51
2021-03-28 12:51:42,002 [BombeRLeWorld] INFO: Agent <nlb_agent> chose action UP in 0.00s.
2021-03-28 12:51:42,002 [BombeRLeWorld] INFO: Agent <nlb_agent> stayed within acceptable think time.
2021-03-28 12:51:42,002 [BombeRLeWorld] INFO: Agent <nlb_agent> picked up coin at (1, 10) and receives 1 point
2021-03-28 12:51:42,003 [BombeRLeWorld] INFO: One agent left alive with nothing to do, wrap up round
2021-03-28 12:51:42,003 [BombeRLeWorld] INFO: WRAPPING UP ROUND #1
2021-03-28 12:51:45,588 [BombeRLeWorld] INFO: SHUT DOWN
